<?xml version="1.0" encoding="UTF-8"?>
<!-- Generated by org.testng.reporters.JUnitXMLReporter -->
<testsuite ignored="0" hostname="DESKTOP-2P7LO8R" failures="0" tests="6" name="Inwarrenty Flow" time="5.703" errors="0" timestamp="2026-05-29T11:23:37 IST">
  <testcase classname="com.api.tests.CountAPITest" name="countAPITest_MissingAuthToken" time="2.605"/>
  <testcase classname="com.api.tests.CountAPITest" name="verifyCountAPIResponse" time="1.922"/>
  <testcase classname="com.api.tests.loginAPI" name="apiTest" time="0.21"/>
  <testcase classname="com.api.tests.LoginDetailsApiTest" name="LoginDetailsAPItest" time="0.267"/>
  <testcase classname="com.api.tests.MasterApiTest" name="invalidTokenmasterAPITest" time="0.066"/>
  <testcase classname="com.api.tests.MasterApiTest" name="masterAPITest" time="0.566"/>
</testsuite> <!-- Inwarrenty Flow -->
