<?xml version="1.0" encoding="UTF-8"?>
<testng-results ignored="0" total="1" passed="1" failed="0" skipped="0">
  <reporter-output>
  </reporter-output>
  <suite started-at="2026-05-08T09:53:34 IST" name="Default suite" finished-at="2026-05-08T09:53:37 IST" duration-ms="3081">
    <groups>
    </groups>
    <test started-at="2026-05-08T09:53:34 IST" name="Default test" finished-at="2026-05-08T09:53:37 IST" duration-ms="3081">
      <class name="com.api.tests.loginAPI">
        <test-method signature="apiTest()[pri:0, instance:com.api.tests.loginAPI@3cd3e762]" started-at="2026-05-08T09:53:34 IST" name="apiTest" finished-at="2026-05-08T09:53:37 IST" duration-ms="3030" status="PASS">
          <reporter-output>
          </reporter-output>
        </test-method> <!-- apiTest -->
      </class> <!-- com.api.tests.loginAPI -->
    </test> <!-- Default test -->
  </suite> <!-- Default suite -->
</testng-results>
