<?xml version="1.0" encoding="UTF-8"?>
<!-- Generated by org.testng.reporters.JUnitReportReporter -->
<testsuite hostname="DESKTOP-2P7LO8R" failures="0" tests="2" name="com.api.tests.CountAPITest" time="4.917" errors="0" timestamp="2026-06-02T10:04:53 IST" skipped="0">
  <testcase classname="com.api.tests.CountAPITest" name="verifyCountAPIResponse" time="2.143"/>
  <testcase classname="com.api.tests.CountAPITest" name="countAPITest_MissingAuthToken" time="2.774"/>
</testsuite> <!-- com.api.tests.CountAPITest -->
